This is pdfTeX, Version 3.14159265-2.6-1.40.16 (TeX Live 2015/Debian) (preloaded format=pdflatex 2017.8.31)  22 APR 2018 15:44
entering extended mode
 restricted \write18 enabled.
 %&-line parsing enabled.
**memoria.tex
(./memoria.tex
LaTeX2e <2016/02/01>
Babel <3.9q> and hyphenation patterns for 81 language(s) loaded.
(/usr/share/texlive/texmf-dist/tex/latex/base/article.cls
Document Class: article 2014/09/29 v1.4h Standard LaTeX document class
(/usr/share/texlive/texmf-dist/tex/latex/base/size12.clo
File: size12.clo 2014/09/29 v1.4h Standard LaTeX file (size option)
)
\c@part=\count79
\c@section=\count80
\c@subsection=\count81
\c@subsubsection=\count82
\c@paragraph=\count83
\c@subparagraph=\count84
\c@figure=\count85
\c@table=\count86
\abovecaptionskip=\skip41
\belowcaptionskip=\skip42
\bibindent=\dimen102
)
(/usr/share/texlive/texmf-dist/tex/generic/babel/babel.sty
Package: babel 2016/02/24 3.9q The Babel package

(/usr/share/texlive/texmf-dist/tex/generic/babel-catalan/catalan.ldf
Language: catalan 2005/03/29 v2.2p Catalan support from the babel system

(/usr/share/texlive/texmf-dist/tex/generic/babel/babel.def
File: babel.def 2016/02/24 3.9q Babel common definitions
\babel@savecnt=\count87
\U@D=\dimen103
)
Package babel Info: Making " an active character on input line 91.
Warning: You are using encoding OT1 instead of T1.
Some word breaks will not be found.
\leftllkern=\dimen104
\rightllkern=\dimen105
\raiselldim=\dimen106
))
(/usr/share/texlive/texmf-dist/tex/latex/base/inputenc.sty
Package: inputenc 2015/03/17 v1.2c Input encoding file
\inpenc@prehook=\toks14
\inpenc@posthook=\toks15

(/usr/share/texlive/texmf-dist/tex/latex/base/utf8.def
File: utf8.def 2015/12/03 v1.1r UTF-8 support for inputenc
Now handling font encoding OML ...
... no UTF-8 mapping file for font encoding OML
Now handling font encoding T1 ...
... processing UTF-8 mapping file for font encoding T1

(/usr/share/texlive/texmf-dist/tex/latex/base/t1enc.dfu
File: t1enc.dfu 2015/12/03 v1.1r UTF-8 support for inputenc
   defining Unicode char U+00A0 (decimal 160)
   defining Unicode char U+00A1 (decimal 161)
   defining Unicode char U+00A3 (decimal 163)
   defining Unicode char U+00AB (decimal 171)
   defining Unicode char U+00AD (decimal 173)
   defining Unicode char U+00BB (decimal 187)
   defining Unicode char U+00BF (decimal 191)
   defining Unicode char U+00C0 (decimal 192)
   defining Unicode char U+00C1 (decimal 193)
   defining Unicode char U+00C2 (decimal 194)
   defining Unicode char U+00C3 (decimal 195)
   defining Unicode char U+00C4 (decimal 196)
   defining Unicode char U+00C5 (decimal 197)
   defining Unicode char U+00C6 (decimal 198)
   defining Unicode char U+00C7 (decimal 199)
   defining Unicode char U+00C8 (decimal 200)
   defining Unicode char U+00C9 (decimal 201)
   defining Unicode char U+00CA (decimal 202)
   defining Unicode char U+00CB (decimal 203)
   defining Unicode char U+00CC (decimal 204)
   defining Unicode char U+00CD (decimal 205)
   defining Unicode char U+00CE (decimal 206)
   defining Unicode char U+00CF (decimal 207)
   defining Unicode char U+00D0 (decimal 208)
   defining Unicode char U+00D1 (decimal 209)
   defining Unicode char U+00D2 (decimal 210)
   defining Unicode char U+00D3 (decimal 211)
   defining Unicode char U+00D4 (decimal 212)
   defining Unicode char U+00D5 (decimal 213)
   defining Unicode char U+00D6 (decimal 214)
   defining Unicode char U+00D8 (decimal 216)
   defining Unicode char U+00D9 (decimal 217)
   defining Unicode char U+00DA (decimal 218)
   defining Unicode char U+00DB (decimal 219)
   defining Unicode char U+00DC (decimal 220)
   defining Unicode char U+00DD (decimal 221)
   defining Unicode char U+00DE (decimal 222)
   defining Unicode char U+00DF (decimal 223)
   defining Unicode char U+00E0 (decimal 224)
   defining Unicode char U+00E1 (decimal 225)
   defining Unicode char U+00E2 (decimal 226)
   defining Unicode char U+00E3 (decimal 227)
   defining Unicode char U+00E4 (decimal 228)
   defining Unicode char U+00E5 (decimal 229)
   defining Unicode char U+00E6 (decimal 230)
   defining Unicode char U+00E7 (decimal 231)
   defining Unicode char U+00E8 (decimal 232)
   defining Unicode char U+00E9 (decimal 233)
   defining Unicode char U+00EA (decimal 234)
   defining Unicode char U+00EB (decimal 235)
   defining Unicode char U+00EC (decimal 236)
   defining Unicode char U+00ED (decimal 237)
   defining Unicode char U+00EE (decimal 238)
   defining Unicode char U+00EF (decimal 239)
   defining Unicode char U+00F0 (decimal 240)
   defining Unicode char U+00F1 (decimal 241)
   defining Unicode char U+00F2 (decimal 242)
   defining Unicode char U+00F3 (decimal 243)
   defining Unicode char U+00F4 (decimal 244)
   defining Unicode char U+00F5 (decimal 245)
   defining Unicode char U+00F6 (decimal 246)
   defining Unicode char U+00F8 (decimal 248)
   defining Unicode char U+00F9 (decimal 249)
   defining Unicode char U+00FA (decimal 250)
   defining Unicode char U+00FB (decimal 251)
   defining Unicode char U+00FC (decimal 252)
   defining Unicode char U+00FD (decimal 253)
   defining Unicode char U+00FE (decimal 254)
   defining Unicode char U+00FF (decimal 255)
   defining Unicode char U+0100 (decimal 256)
   defining Unicode char U+0101 (decimal 257)
   defining Unicode char U+0102 (decimal 258)
   defining Unicode char U+0103 (decimal 259)
   defining Unicode char U+0104 (decimal 260)
   defining Unicode char U+0105 (decimal 261)
   defining Unicode char U+0106 (decimal 262)
   defining Unicode char U+0107 (decimal 263)
   defining Unicode char U+0108 (decimal 264)
   defining Unicode char U+0109 (decimal 265)
   defining Unicode char U+010A (decimal 266)
   defining Unicode char U+010B (decimal 267)
   defining Unicode char U+010C (decimal 268)
   defining Unicode char U+010D (decimal 269)
   defining Unicode char U+010E (decimal 270)
   defining Unicode char U+010F (decimal 271)
   defining Unicode char U+0110 (decimal 272)
   defining Unicode char U+0111 (decimal 273)
   defining Unicode char U+0112 (decimal 274)
   defining Unicode char U+0113 (decimal 275)
   defining Unicode char U+0114 (decimal 276)
   defining Unicode char U+0115 (decimal 277)
   defining Unicode char U+0116 (decimal 278)
   defining Unicode char U+0117 (decimal 279)
   defining Unicode char U+0118 (decimal 280)
   defining Unicode char U+0119 (decimal 281)
   defining Unicode char U+011A (decimal 282)
   defining Unicode char U+011B (decimal 283)
   defining Unicode char U+011C (decimal 284)
   defining Unicode char U+011D (decimal 285)
   defining Unicode char U+011E (decimal 286)
   defining Unicode char U+011F (decimal 287)
   defining Unicode char U+0120 (decimal 288)
   defining Unicode char U+0121 (decimal 289)
   defining Unicode char U+0122 (decimal 290)
   defining Unicode char U+0123 (decimal 291)
   defining Unicode char U+0124 (decimal 292)
   defining Unicode char U+0125 (decimal 293)
   defining Unicode char U+0128 (decimal 296)
   defining Unicode char U+0129 (decimal 297)
   defining Unicode char U+012A (decimal 298)
   defining Unicode char U+012B (decimal 299)
   defining Unicode char U+012C (decimal 300)
   defining Unicode char U+012D (decimal 301)
   defining Unicode char U+012E (decimal 302)
   defining Unicode char U+012F (decimal 303)
   defining Unicode char U+0130 (decimal 304)
   defining Unicode char U+0131 (decimal 305)
   defining Unicode char U+0132 (decimal 306)
   defining Unicode char U+0133 (decimal 307)
   defining Unicode char U+0134 (decimal 308)
   defining Unicode char U+0135 (decimal 309)
   defining Unicode char U+0136 (decimal 310)
   defining Unicode char U+0137 (decimal 311)
   defining Unicode char U+0139 (decimal 313)
   defining Unicode char U+013A (decimal 314)
   defining Unicode char U+013B (decimal 315)
   defining Unicode char U+013C (decimal 316)
   defining Unicode char U+013D (decimal 317)
   defining Unicode char U+013E (decimal 318)
   defining Unicode char U+0141 (decimal 321)
   defining Unicode char U+0142 (decimal 322)
   defining Unicode char U+0143 (decimal 323)
   defining Unicode char U+0144 (decimal 324)
   defining Unicode char U+0145 (decimal 325)
   defining Unicode char U+0146 (decimal 326)
   defining Unicode char U+0147 (decimal 327)
   defining Unicode char U+0148 (decimal 328)
   defining Unicode char U+014A (decimal 330)
   defining Unicode char U+014B (decimal 331)
   defining Unicode char U+014C (decimal 332)
   defining Unicode char U+014D (decimal 333)
   defining Unicode char U+014E (decimal 334)
   defining Unicode char U+014F (decimal 335)
   defining Unicode char U+0150 (decimal 336)
   defining Unicode char U+0151 (decimal 337)
   defining Unicode char U+0152 (decimal 338)
   defining Unicode char U+0153 (decimal 339)
   defining Unicode char U+0154 (decimal 340)
   defining Unicode char U+0155 (decimal 341)
   defining Unicode char U+0156 (decimal 342)
   defining Unicode char U+0157 (decimal 343)
   defining Unicode char U+0158 (decimal 344)
   defining Unicode char U+0159 (decimal 345)
   defining Unicode char U+015A (decimal 346)
   defining Unicode char U+015B (decimal 347)
   defining Unicode char U+015C (decimal 348)
   defining Unicode char U+015D (decimal 349)
   defining Unicode char U+015E (decimal 350)
   defining Unicode char U+015F (decimal 351)
   defining Unicode char U+0160 (decimal 352)
   defining Unicode char U+0161 (decimal 353)
   defining Unicode char U+0162 (decimal 354)
   defining Unicode char U+0163 (decimal 355)
   defining Unicode char U+0164 (decimal 356)
   defining Unicode char U+0165 (decimal 357)
   defining Unicode char U+0168 (decimal 360)
   defining Unicode char U+0169 (decimal 361)
   defining Unicode char U+016A (decimal 362)
   defining Unicode char U+016B (decimal 363)
   defining Unicode char U+016C (decimal 364)
   defining Unicode char U+016D (decimal 365)
   defining Unicode char U+016E (decimal 366)
   defining Unicode char U+016F (decimal 367)
   defining Unicode char U+0170 (decimal 368)
   defining Unicode char U+0171 (decimal 369)
   defining Unicode char U+0172 (decimal 370)
   defining Unicode char U+0173 (decimal 371)
   defining Unicode char U+0174 (decimal 372)
   defining Unicode char U+0175 (decimal 373)
   defining Unicode char U+0176 (decimal 374)
   defining Unicode char U+0177 (decimal 375)
   defining Unicode char U+0178 (decimal 376)
   defining Unicode char U+0179 (decimal 377)
   defining Unicode char U+017A (decimal 378)
   defining Unicode char U+017B (decimal 379)
   defining Unicode char U+017C (decimal 380)
   defining Unicode char U+017D (decimal 381)
   defining Unicode char U+017E (decimal 382)
   defining Unicode char U+01CD (decimal 461)
   defining Unicode char U+01CE (decimal 462)
   defining Unicode char U+01CF (decimal 463)
   defining Unicode char U+01D0 (decimal 464)
   defining Unicode char U+01D1 (decimal 465)
   defining Unicode char U+01D2 (decimal 466)
   defining Unicode char U+01D3 (decimal 467)
   defining Unicode char U+01D4 (decimal 468)
   defining Unicode char U+01E2 (decimal 482)
   defining Unicode char U+01E3 (decimal 483)
   defining Unicode char U+01E6 (decimal 486)
   defining Unicode char U+01E7 (decimal 487)
   defining Unicode char U+01E8 (decimal 488)
   defining Unicode char U+01E9 (decimal 489)
   defining Unicode char U+01EA (decimal 490)
   defining Unicode char U+01EB (decimal 491)
   defining Unicode char U+01F0 (decimal 496)
   defining Unicode char U+01F4 (decimal 500)
   defining Unicode char U+01F5 (decimal 501)
   defining Unicode char U+0218 (decimal 536)
   defining Unicode char U+0219 (decimal 537)
   defining Unicode char U+021A (decimal 538)
   defining Unicode char U+021B (decimal 539)
   defining Unicode char U+01E02 (decimal 7682)
   defining Unicode char U+01E03 (decimal 7683)
   defining Unicode char U+200C (decimal 8204)
   defining Unicode char U+2013 (decimal 8211)
   defining Unicode char U+2014 (decimal 8212)
   defining Unicode char U+2018 (decimal 8216)
   defining Unicode char U+2019 (decimal 8217)
   defining Unicode char U+201A (decimal 8218)
   defining Unicode char U+201C (decimal 8220)
   defining Unicode char U+201D (decimal 8221)
   defining Unicode char U+201E (decimal 8222)
   defining Unicode char U+2030 (decimal 8240)
   defining Unicode char U+2031 (decimal 8241)
   defining Unicode char U+2039 (decimal 8249)
   defining Unicode char U+203A (decimal 8250)
   defining Unicode char U+2423 (decimal 9251)
)
Now handling font encoding OT1 ...
... processing UTF-8 mapping file for font encoding OT1

(/usr/share/texlive/texmf-dist/tex/latex/base/ot1enc.dfu
File: ot1enc.dfu 2015/12/03 v1.1r UTF-8 support for inputenc
   defining Unicode char U+00A0 (decimal 160)
   defining Unicode char U+00A1 (decimal 161)
   defining Unicode char U+00A3 (decimal 163)
   defining Unicode char U+00AD (decimal 173)
   defining Unicode char U+00B8 (decimal 184)
   defining Unicode char U+00BF (decimal 191)
   defining Unicode char U+00C5 (decimal 197)
   defining Unicode char U+00C6 (decimal 198)
   defining Unicode char U+00D8 (decimal 216)
   defining Unicode char U+00DF (decimal 223)
   defining Unicode char U+00E6 (decimal 230)
   defining Unicode char U+00EC (decimal 236)
   defining Unicode char U+00ED (decimal 237)
   defining Unicode char U+00EE (decimal 238)
   defining Unicode char U+00EF (decimal 239)
   defining Unicode char U+00F8 (decimal 248)
   defining Unicode char U+0131 (decimal 305)
   defining Unicode char U+0141 (decimal 321)
   defining Unicode char U+0142 (decimal 322)
   defining Unicode char U+0152 (decimal 338)
   defining Unicode char U+0153 (decimal 339)
   defining Unicode char U+0174 (decimal 372)
   defining Unicode char U+0175 (decimal 373)
   defining Unicode char U+0176 (decimal 374)
   defining Unicode char U+0177 (decimal 375)
   defining Unicode char U+0218 (decimal 536)
   defining Unicode char U+0219 (decimal 537)
   defining Unicode char U+021A (decimal 538)
   defining Unicode char U+021B (decimal 539)
   defining Unicode char U+2013 (decimal 8211)
   defining Unicode char U+2014 (decimal 8212)
   defining Unicode char U+2018 (decimal 8216)
   defining Unicode char U+2019 (decimal 8217)
   defining Unicode char U+201C (decimal 8220)
   defining Unicode char U+201D (decimal 8221)
)
Now handling font encoding OMS ...
... processing UTF-8 mapping file for font encoding OMS

(/usr/share/texlive/texmf-dist/tex/latex/base/omsenc.dfu
File: omsenc.dfu 2015/12/03 v1.1r UTF-8 support for inputenc
   defining Unicode char U+00A7 (decimal 167)
   defining Unicode char U+00B6 (decimal 182)
   defining Unicode char U+00B7 (decimal 183)
   defining Unicode char U+2020 (decimal 8224)
   defining Unicode char U+2021 (decimal 8225)
   defining Unicode char U+2022 (decimal 8226)
)
Now handling font encoding OMX ...
... no UTF-8 mapping file for font encoding OMX
Now handling font encoding U ...
... no UTF-8 mapping file for font encoding U
   defining Unicode char U+00A9 (decimal 169)
   defining Unicode char U+00AA (decimal 170)
   defining Unicode char U+00AE (decimal 174)
   defining Unicode char U+00BA (decimal 186)
   defining Unicode char U+02C6 (decimal 710)
   defining Unicode char U+02DC (decimal 732)
   defining Unicode char U+200C (decimal 8204)
   defining Unicode char U+2026 (decimal 8230)
   defining Unicode char U+2122 (decimal 8482)
   defining Unicode char U+2423 (decimal 9251)
))
(/usr/share/texlive/texmf-dist/tex/latex/listings/listings.sty
(/usr/share/texlive/texmf-dist/tex/latex/graphics/keyval.sty
Package: keyval 2014/10/28 v1.15 key=value parser (DPC)
\KV@toks@=\toks16
)
\lst@mode=\count88
\lst@gtempboxa=\box26
\lst@token=\toks17
\lst@length=\count89
\lst@currlwidth=\dimen107
\lst@column=\count90
\lst@pos=\count91
\lst@lostspace=\dimen108
\lst@width=\dimen109
\lst@newlines=\count92
\lst@lineno=\count93
\lst@maxwidth=\dimen110

(/usr/share/texlive/texmf-dist/tex/latex/listings/lstmisc.sty
File: lstmisc.sty 2015/06/04 1.6 (Carsten Heinz)
\c@lstnumber=\count94
\lst@skipnumbers=\count95
\lst@framebox=\box27
)
(/usr/share/texlive/texmf-dist/tex/latex/listings/listings.cfg
File: listings.cfg 2015/06/04 1.6 listings configuration
))
Package: listings 2015/06/04 1.6 (Carsten Heinz)

(/usr/share/texlive/texmf-dist/tex/latex/graphics/color.sty
Package: color 2016/01/03 v1.1b Standard LaTeX Color (DPC)

(/usr/share/texlive/texmf-dist/tex/latex/latexconfig/color.cfg
File: color.cfg 2007/01/18 v1.5 color configuration of teTeX/TeXLive
)
Package color Info: Driver file: pdftex.def on input line 143.

(/usr/share/texlive/texmf-dist/tex/latex/pdftex-def/pdftex.def
File: pdftex.def 2011/05/27 v0.06d Graphics/color for pdfTeX

(/usr/share/texlive/texmf-dist/tex/generic/oberdiek/infwarerr.sty
Package: infwarerr 2010/04/08 v1.3 Providing info/warning/error messages (HO)
)
(/usr/share/texlive/texmf-dist/tex/generic/oberdiek/ltxcmds.sty
Package: ltxcmds 2011/11/09 v1.22 LaTeX kernel commands for general use (HO)
)
\Gread@gobject=\count96
))
(/usr/share/texlive/texmf-dist/tex/latex/graphics/graphicx.sty
Package: graphicx 2014/10/28 v1.0g Enhanced LaTeX Graphics (DPC,SPQR)

(/usr/share/texlive/texmf-dist/tex/latex/graphics/graphics.sty
Package: graphics 2016/01/03 v1.0q Standard LaTeX Graphics (DPC,SPQR)

(/usr/share/texlive/texmf-dist/tex/latex/graphics/trig.sty
Package: trig 2016/01/03 v1.10 sin cos tan (DPC)
)
(/usr/share/texlive/texmf-dist/tex/latex/latexconfig/graphics.cfg
File: graphics.cfg 2010/04/23 v1.9 graphics configuration of TeX Live
)
Package graphics Info: Driver file: pdftex.def on input line 95.
)
\Gin@req@height=\dimen111
\Gin@req@width=\dimen112
)
(/usr/share/texlive/texmf-dist/tex/latex/tools/verbatim.sty
Package: verbatim 2014/10/28 v1.5q LaTeX2e package for verbatim enhancements
\every@verbatim=\toks18
\verbatim@line=\toks19
\verbatim@in@stream=\read1
)
(/usr/share/texlive/texmf-dist/tex/latex/url/url.sty
\Urlmuskip=\muskip10
Package: url 2013/09/16  ver 3.4  Verb mode for urls, etc.
)
(/usr/share/texlive/texmf-dist/tex/latex/appendix/appendix.sty
Package: appendix 2009/09/02 v1.2b extra appendix facilities
\c@@pps=\count97
\c@@ppsavesec=\count98
\c@@ppsaveapp=\count99
)
(/usr/share/texlive/texmf-dist/tex/latex/dirtytalk/dirtytalk.sty
Package: dirtytalk 2010/11/21 A package making "quoting" easier

(/usr/share/texlive/texmf-dist/tex/latex/oberdiek/kvoptions.sty
Package: kvoptions 2011/06/30 v3.11 Key value format for package options (HO)

(/usr/share/texlive/texmf-dist/tex/generic/oberdiek/kvsetkeys.sty
Package: kvsetkeys 2012/04/25 v1.16 Key value parser (HO)

(/usr/share/texlive/texmf-dist/tex/generic/oberdiek/etexcmds.sty
Package: etexcmds 2011/02/16 v1.5 Avoid name clashes with e-TeX commands (HO)

(/usr/share/texlive/texmf-dist/tex/generic/oberdiek/ifluatex.sty
Package: ifluatex 2010/03/01 v1.3 Provides the ifluatex switch (HO)
Package ifluatex Info: LuaTeX not detected.
)
Package etexcmds Info: Could not find \expanded.
(etexcmds)             That can mean that you are not using pdfTeX 1.50 or
(etexcmds)             that some package has redefined \expanded.
(etexcmds)             In the latter case, load this package earlier.
)))
(/usr/share/texlive/texmf-dist/tex/latex/base/ifthen.sty
Package: ifthen 2014/09/29 v1.1c Standard LaTeX ifthen package (DPC)
)
\c@dirtytalk@qdepth=\count100
) (./memoria.aux)
\openout1 = `memoria.aux'.

LaTeX Font Info:    Checking defaults for OML/cmm/m/it on input line 41.
LaTeX Font Info:    ... okay on input line 41.
LaTeX Font Info:    Checking defaults for T1/cmr/m/n on input line 41.
LaTeX Font Info:    ... okay on input line 41.
LaTeX Font Info:    Checking defaults for OT1/cmr/m/n on input line 41.
LaTeX Font Info:    ... okay on input line 41.
LaTeX Font Info:    Checking defaults for OMS/cmsy/m/n on input line 41.
LaTeX Font Info:    ... okay on input line 41.
LaTeX Font Info:    Checking defaults for OMX/cmex/m/n on input line 41.
LaTeX Font Info:    ... okay on input line 41.
LaTeX Font Info:    Checking defaults for U/cmr/m/n on input line 41.
LaTeX Font Info:    ... okay on input line 41.
LaTeX Info: Redefining \l on input line 41.
LaTeX Info: Redefining \L on input line 41.
\c@lstlisting=\count101

(/usr/share/texlive/texmf-dist/tex/context/base/supp-pdf.mkii
[Loading MPS to PDF converter (version 2006.09.02).]
\scratchcounter=\count102
\scratchdimen=\dimen113
\scratchbox=\box28
\nofMPsegments=\count103
\nofMParguments=\count104
\everyMPshowfont=\toks20
\MPscratchCnt=\count105
\MPscratchDim=\dimen114
\MPnumerator=\count106
\makeMPintoPDFobject=\count107
\everyMPtoPDFconversion=\toks21
) (/usr/share/texlive/texmf-dist/tex/generic/oberdiek/pdftexcmds.sty
Package: pdftexcmds 2011/11/29 v0.20 Utility functions of pdfTeX for LuaTeX (HO
)

(/usr/share/texlive/texmf-dist/tex/generic/oberdiek/ifpdf.sty
Package: ifpdf 2011/01/30 v2.3 Provides the ifpdf switch (HO)
Package ifpdf Info: pdfTeX in PDF mode is detected.
)
Package pdftexcmds Info: LuaTeX not detected.
Package pdftexcmds Info: \pdf@primitive is available.
Package pdftexcmds Info: \pdf@ifprimitive is available.
Package pdftexcmds Info: \pdfdraftmode found.
)
(/usr/share/texlive/texmf-dist/tex/latex/oberdiek/epstopdf-base.sty
Package: epstopdf-base 2010/02/09 v2.5 Base part for package epstopdf

(/usr/share/texlive/texmf-dist/tex/latex/oberdiek/grfext.sty
Package: grfext 2010/08/19 v1.1 Manage graphics extensions (HO)

(/usr/share/texlive/texmf-dist/tex/generic/oberdiek/kvdefinekeys.sty
Package: kvdefinekeys 2011/04/07 v1.3 Define keys (HO)
))
Package grfext Info: Graphics extension search list:
(grfext)             [.png,.pdf,.jpg,.mps,.jpeg,.jbig2,.jb2,.PNG,.PDF,.JPG,.JPE
G,.JBIG2,.JB2,.eps]
(grfext)             \AppendGraphicsExtensions on input line 452.

(/usr/share/texlive/texmf-dist/tex/latex/latexconfig/epstopdf-sys.cfg
File: epstopdf-sys.cfg 2010/07/13 v1.3 Configuration of (r)epstopdf for TeX Liv
e
))
<imatges/logo.png, id=1, 609.27625pt x 418.56375pt>
File: imatges/logo.png Graphic file (type png)
 <use imatges/logo.png>
Package pdftex.def Info: imatges/logo.png used on input line 44.
(pdftex.def)             Requested size: 195.0pt x 133.96228pt.

[1

{/var/lib/texmf/fonts/map/pdftex/updmap/pdftex.map} <./imatges/logo.png>]
(./memoria.toc
LaTeX Font Info:    External font `cmex10' loaded for size
(Font)              <12> on input line 3.
LaTeX Font Info:    External font `cmex10' loaded for size
(Font)              <8> on input line 3.
LaTeX Font Info:    External font `cmex10' loaded for size
(Font)              <6> on input line 3.
)
\tf@toc=\write3
\openout3 = `memoria.toc'.

 [1

] (./memoria.lof)
\tf@lof=\write4
\openout4 = `memoria.lof'.

 [2

]
<imatges/xnn.png, id=19, 297.11pt x 357.335pt>
File: imatges/xnn.png Graphic file (type png)
 <use imatges/xnn.png>
Package pdftex.def Info: imatges/xnn.png used on input line 69.
(pdftex.def)             Requested size: 148.55463pt x 178.66705pt.
LaTeX Font Info:    External font `cmex10' loaded for size
(Font)              <7> on input line 74.
LaTeX Font Info:    External font `cmex10' loaded for size
(Font)              <5> on input line 74.

Underfull \hbox (badness 10000) in paragraph at lines 73--75

 []

LaTeX Font Info:    Try loading font information for OMS+cmr on input line 76.
(/usr/share/texlive/texmf-dist/tex/latex/base/omscmr.fd
File: omscmr.fd 2014/09/29 v2.5h Standard LaTeX font definitions
)
LaTeX Font Info:    Font shape `OMS/cmr/m/n' in size <12> not available
(Font)              Font shape `OMS/cmsy/m/n' tried instead on input line 76.
 [3

 <./imatges/xnn.png>] [4] <imatges/neurona/1real.png, id=32, 481.8pt x 362.3537
4pt>
File: imatges/neurona/1real.png Graphic file (type png)

<use imatges/neurona/1real.png>
Package pdftex.def Info: imatges/neurona/1real.png used on input line 88.
(pdftex.def)             Requested size: 192.71658pt x 144.93892pt.

<imatges/neurona/3estructura.png, id=33, 448.67625pt x 561.09625pt>
File: imatges/neurona/3estructura.png Graphic file (type png)

<use imatges/neurona/3estructura.png>
Package pdftex.def Info: imatges/neurona/3estructura.png used on input line 89.

(pdftex.def)             Requested size: 179.46732pt x 224.43452pt.

Underfull \hbox (badness 10000) in paragraph at lines 85--93

 []

[5

 <./imatges/neurona/1real.png> <./imatges/neurona/3estructura.png>]
<imatges/neurona/9parts.png, id=37, 875.27pt x 427.5975pt>
File: imatges/neurona/9parts.png Graphic file (type png)

<use imatges/neurona/9parts.png>
Package pdftex.def Info: imatges/neurona/9parts.png used on input line 103.
(pdftex.def)             Requested size: 350.10179pt x 171.03596pt.

<imatges/neurona/5estructura.png, id=38, 1177.39874pt x 473.77pt>
File: imatges/neurona/5estructura.png Graphic file (type png)

<use imatges/neurona/5estructura.png>
Package pdftex.def Info: imatges/neurona/5estructura.png used on input line 109
.
(pdftex.def)             Requested size: 235.47557pt x 94.75232pt.

<imatges/neurona/6pes.png, id=39, 625.33624pt x 531.9875pt>
File: imatges/neurona/6pes.png Graphic file (type png)

<use imatges/neurona/6pes.png>
Package pdftex.def Info: imatges/neurona/6pes.png used on input line 116.
(pdftex.def)             Requested size: 125.06503pt x 106.39561pt.

<imatges/neurona/7activacio.png, id=40, 276.03125pt x 277.035pt>
File: imatges/neurona/7activacio.png Graphic file (type png)

<use imatges/neurona/7activacio.png>
Package pdftex.def Info: imatges/neurona/7activacio.png used on input line 122.

(pdftex.def)             Requested size: 110.41054pt x 110.81203pt.

<imatges/neurona/8completa.png, id=41, 1336.995pt x 583.17876pt>
File: imatges/neurona/8completa.png Graphic file (type png)

<use imatges/neurona/8completa.png>
Package pdftex.def Info: imatges/neurona/8completa.png used on input line 129.
(pdftex.def)             Requested size: 401.1016pt x 174.95497pt.

Overfull \hbox (11.1016pt too wide) in paragraph at lines 129--130
 [][] 
 []


Underfull \hbox (badness 10000) in paragraph at lines 106--133

 []


Underfull \hbox (badness 10000) in paragraph at lines 106--133

 []


Underfull \hbox (badness 10000) in paragraph at lines 106--133

 []


Underfull \hbox (badness 10000) in paragraph at lines 106--133

 []


Underfull \hbox (badness 10000) in paragraph at lines 106--133

 []

[6

 <./imatges/neurona/9parts.png> <./imatges/neurona/5estructura.png>] [7 <./imat
ges/neurona/6pes.png> <./imatges/neurona/7activacio.png>] [8 <./imatges/neurona
/8completa.png>]
<imatges/fa/1threshold.png, id=53, 940.51375pt x 487.8225pt>
File: imatges/fa/1threshold.png Graphic file (type png)

<use imatges/fa/1threshold.png>
Package pdftex.def Info: imatges/fa/1threshold.png used on input line 150.
(pdftex.def)             Requested size: 282.1563pt x 146.34787pt.

<imatges/fa/2sigmoid.png, id=54, 863.225pt x 476.78125pt>
File: imatges/fa/2sigmoid.png Graphic file (type png)

<use imatges/fa/2sigmoid.png>
Package pdftex.def Info: imatges/fa/2sigmoid.png used on input line 158.
(pdftex.def)             Requested size: 258.9695pt x 143.03548pt.

Underfull \hbox (badness 10000) in paragraph at lines 155--163

 []


Underfull \hbox (badness 10000) in paragraph at lines 155--163

 []


LaTeX Warning: `!h' float specifier changed to `!ht'.

[9

 <./imatges/fa/1threshold.png>]
<imatges/fa/3rectifier.png, id=58, 837.1275pt x 484.81125pt>
File: imatges/fa/3rectifier.png Graphic file (type png)

<use imatges/fa/3rectifier.png>
Package pdftex.def Info: imatges/fa/3rectifier.png used on input line 168.
(pdftex.def)             Requested size: 251.14018pt x 145.44449pt.

<imatges/fa/4tanh.png, id=59, 930.47626pt x 482.80376pt>
File: imatges/fa/4tanh.png Graphic file (type png)

<use imatges/fa/4tanh.png>
Package pdftex.def Info: imatges/fa/4tanh.png used on input line 176.
(pdftex.def)             Requested size: 279.14502pt x 144.84224pt.


LaTeX Warning: `!h' float specifier changed to `!ht'.

[10 <./imatges/fa/2sigmoid.png> <./imatges/fa/3rectifier.png>]
<imatges/fa/5complet.png, id=63, 766.865pt x 337.26pt>
File: imatges/fa/5complet.png Graphic file (type png)

<use imatges/fa/5complet.png>
Package pdftex.def Info: imatges/fa/5complet.png used on input line 190.
(pdftex.def)             Requested size: 230.06128pt x 101.17877pt.
 [11 <./imatges/fa/4tanh.png> <./imatges/fa/5complet.png>]
Underfull \hbox (badness 10000) in paragraph at lines 199--201

 []

<imatges/funcionament/1basic.png, id=67, 571.13374pt x 442.65375pt>
File: imatges/funcionament/1basic.png Graphic file (type png)

<use imatges/funcionament/1basic.png>
Package pdftex.def Info: imatges/funcionament/1basic.png used on input line 214
.
(pdftex.def)             Requested size: 171.34145pt x 132.79713pt.

<imatges/funcionament/2completa.png, id=68, 945.5325pt x 556.0775pt>
File: imatges/funcionament/2completa.png Graphic file (type png)

<use imatges/funcionament/2completa.png>
Package pdftex.def Info: imatges/funcionament/2completa.png used on input line 
221.
(pdftex.def)             Requested size: 283.66194pt x 166.82454pt.

Underfull \hbox (badness 10000) in paragraph at lines 208--225

 []


Underfull \hbox (badness 10000) in paragraph at lines 208--225

 []


Underfull \hbox (badness 10000) in paragraph at lines 208--225

 []


Underfull \hbox (badness 10000) in paragraph at lines 208--225

 []


Underfull \hbox (badness 10000) in paragraph at lines 208--225

 []


LaTeX Warning: `!h' float specifier changed to `!ht'.

[12

] [13 <./imatges/funcionament/1basic.png> <./imatges/funcionament/2completa.png
>] <imatges/aprendre/1aprendre.png, id=76, 1314.9125pt x 529.98pt>
File: imatges/aprendre/1aprendre.png Graphic file (type png)

<use imatges/aprendre/1aprendre.png>
Package pdftex.def Info: imatges/aprendre/1aprendre.png used on input line 237.

(pdftex.def)             Requested size: 394.47679pt x 158.99521pt.

Overfull \hbox (4.47679pt too wide) in paragraph at lines 237--238
 [][] 
 []

<imatges/aprendre/2bp.png, id=77, 1161.33875pt x 464.73625pt>
File: imatges/aprendre/2bp.png Graphic file (type png)

<use imatges/aprendre/2bp.png>
Package pdftex.def Info: imatges/aprendre/2bp.png used on input line 243.
(pdftex.def)             Requested size: 348.40431pt x 139.42194pt.

Underfull \hbox (badness 10000) in paragraph at lines 234--247

 []


Underfull \hbox (badness 10000) in paragraph at lines 234--247

 []


LaTeX Warning: `!h' float specifier changed to `!ht'.

[14

 <./imatges/aprendre/1aprendre.png>]
<imatges/aprendre/3aprendre.png, id=81, 1291.82625pt x 521.95pt>
File: imatges/aprendre/3aprendre.png Graphic file (type png)

<use imatges/aprendre/3aprendre.png>
Package pdftex.def Info: imatges/aprendre/3aprendre.png used on input line 255.

(pdftex.def)             Requested size: 387.55087pt x 156.5862pt.

<imatges/aprendre/4bp.png, id=82, 1294.8375pt x 527.9725pt>
File: imatges/aprendre/4bp.png Graphic file (type png)

<use imatges/aprendre/4bp.png>
Package pdftex.def Info: imatges/aprendre/4bp.png used on input line 262.
(pdftex.def)             Requested size: 388.45424pt x 158.39296pt.

Underfull \hbox (badness 10000) in paragraph at lines 252--267

 []

[15 <./imatges/aprendre/2bp.png> <./imatges/aprendre/3aprendre.png>] [16 <./ima
tges/aprendre/4bp.png>] <imatges/dg/1dg.png, id=90, 1076.02pt x 560.0925pt>
File: imatges/dg/1dg.png Graphic file (type png)

<use imatges/dg/1dg.png>
Package pdftex.def Info: imatges/dg/1dg.png used on input line 276.
(pdftex.def)             Requested size: 322.8085pt x 168.02904pt.
 <imatges/dg/sunlight.jpg, id=91, 1284.8pt x 722.7pt>
File: imatges/dg/sunlight.jpg Graphic file (type jpg)

<use imatges/dg/sunlight.jpg>
Package pdftex.def Info: imatges/dg/sunlight.jpg used on input line 283.
(pdftex.def)             Requested size: 385.44298pt x 216.81166pt.

Underfull \hbox (badness 10000) in paragraph at lines 272--287

 []


Underfull \hbox (badness 10000) in paragraph at lines 272--287

 []


Underfull \hbox (badness 10000) in paragraph at lines 272--287

 []

[17

 <./imatges/dg/1dg.png>]
<imatges/dg/xnComplexa.png, id=96, 818.05624pt x 437.635pt>
File: imatges/dg/xnComplexa.png Graphic file (type png)

<use imatges/dg/xnComplexa.png>
Package pdftex.def Info: imatges/dg/xnComplexa.png used on input line 292.
(pdftex.def)             Requested size: 204.51355pt x 109.40848pt.

<imatges/dg/2dg2.png, id=97, 816.04875pt x 387.4475pt>
File: imatges/dg/2dg2.png Graphic file (type png)

<use imatges/dg/2dg2.png>
Package pdftex.def Info: imatges/dg/2dg2.png used on input line 299.
(pdftex.def)             Requested size: 204.01169pt x 96.86163pt.

<imatges/dg/3dg3.png, id=98, 820.06375pt x 389.455pt>
File: imatges/dg/3dg3.png Graphic file (type png)

<use imatges/dg/3dg3.png>
Package pdftex.def Info: imatges/dg/3dg3.png used on input line 300.
(pdftex.def)             Requested size: 205.01543pt x 97.36351pt.
 <imatges/dg/4dg4.png, id=99, 819.06pt x 403.5075pt>
File: imatges/dg/4dg4.png Graphic file (type png)

<use imatges/dg/4dg4.png>
Package pdftex.def Info: imatges/dg/4dg4.png used on input line 301.
(pdftex.def)             Requested size: 204.7645pt x 100.87662pt.

<imatges/dg/5dg5.png, id=100, 812.03375pt x 392.46625pt>
File: imatges/dg/5dg5.png Graphic file (type png)

<use imatges/dg/5dg5.png>
Package pdftex.def Info: imatges/dg/5dg5.png used on input line 302.
(pdftex.def)             Requested size: 203.00793pt x 98.11632pt.

Overfull \hbox (21.6382pt too wide) in paragraph at lines 299--303
[][] []
 []


Overfull \hbox (20.38351pt too wide) in paragraph at lines 299--303
[] [] 
 []

<imatges/dg/6dg6.png, id=101, 811.03pt x 402.50375pt>
File: imatges/dg/6dg6.png Graphic file (type png)

<use imatges/dg/6dg6.png>
Package pdftex.def Info: imatges/dg/6dg6.png used on input line 308.
(pdftex.def)             Requested size: 243.31087pt x 120.75204pt.

<imatges/dg/dg1d.png, id=102, 612.2875pt x 382.42876pt>
File: imatges/dg/dg1d.png Graphic file (type png)

<use imatges/dg/dg1d.png>
Package pdftex.def Info: imatges/dg/dg1d.png used on input line 314.
(pdftex.def)             Requested size: 153.0715pt x 95.60695pt.

<imatges/dg/dg2d.png, id=103, 414.54875pt x 440.64626pt>
File: imatges/dg/dg2d.png Graphic file (type png)

<use imatges/dg/dg2d.png>
Package pdftex.def Info: imatges/dg/dg2d.png used on input line 315.
(pdftex.def)             Requested size: 103.63693pt x 110.16129pt.

<imatges/dg/dg3d.png, id=104, 1087.06125pt x 460.72125pt>
File: imatges/dg/dg3d.png Graphic file (type png)

<use imatges/dg/dg3d.png>
Package pdftex.def Info: imatges/dg/dg3d.png used on input line 317.
(pdftex.def)             Requested size: 434.81679pt x 184.28523pt.

Overfull \hbox (44.81679pt too wide) in paragraph at lines 314--318
 [] 
 []


Underfull \hbox (badness 10000) in paragraph at lines 287--320

 []


Underfull \hbox (badness 10000) in paragraph at lines 287--320

 []


Underfull \hbox (badness 10000) in paragraph at lines 287--320

 []


Underfull \hbox (badness 10000) in paragraph at lines 287--320

 []


Underfull \hbox (badness 10000) in paragraph at lines 287--320

 []


Underfull \hbox (badness 10000) in paragraph at lines 287--320

 []

[18 <./imatges/dg/sunlight.jpg> <./imatges/dg/xnComplexa.png>]

LaTeX Warning: `!h' float specifier changed to `!ht'.

[19 <./imatges/dg/2dg2.png> <./imatges/dg/3dg3.png> <./imatges/dg/4dg4.png> <./
imatges/dg/5dg5.png>] [20 <./imatges/dg/6dg6.png> <./imatges/dg/dg1d.png> <./im
atges/dg/dg2d.png> <./imatges/dg/dg3d.png>]
<imatges/dge/1dge.png, id=115, 682.55pt x 394.47375pt>
File: imatges/dge/1dge.png Graphic file (type png)

<use imatges/dge/1dge.png>
Package pdftex.def Info: imatges/dge/1dge.png used on input line 329.
(pdftex.def)             Requested size: 273.01517pt x 157.7867pt.

<imatges/dge/2dge.png, id=116, 1154.3125pt x 470.75874pt>
File: imatges/dge/2dge.png Graphic file (type png)

<use imatges/dge/2dge.png>
Package pdftex.def Info: imatges/dge/2dge.png used on input line 336.
(pdftex.def)             Requested size: 461.71683pt x 188.30016pt.

Overfull \hbox (71.71683pt too wide) in paragraph at lines 336--337
 [][] 
 []


Underfull \hbox (badness 10000) in paragraph at lines 325--340

 []


Underfull \hbox (badness 10000) in paragraph at lines 325--340

 []

[21

 <./imatges/dge/1dge.png>] [22 <./imatges/dge/2dge.png>]
Underfull \hbox (badness 10000) in paragraph at lines 345--347

 []

<imatges/bp/1bp.png, id=123, 801.99625pt x 497.86pt>
File: imatges/bp/1bp.png Graphic file (type png)
 <use imatges/bp/1bp.png>
Package pdftex.def Info: imatges/bp/1bp.png used on input line 351.
(pdftex.def)             Requested size: 200.49857pt x 124.46469pt.

<imatges/bp/2bp.png, id=124, 818.05624pt x 487.8225pt>
File: imatges/bp/2bp.png Graphic file (type png)

<use imatges/bp/2bp.png>
Package pdftex.def Info: imatges/bp/2bp.png used on input line 357.
(pdftex.def)             Requested size: 204.51355pt x 121.95532pt.
 [23

 <./imatges/bp/1bp.png> <./imatges/bp/2bp.png>]
[24] <imatges/dades/dades.png, id=132, 1148.29pt x 190.7125pt>
File: imatges/dades/dades.png Graphic file (type png)

<use imatges/dades/dades.png>
Package pdftex.def Info: imatges/dades/dades.png used on input line 397.
(pdftex.def)             Requested size: 459.30786pt x 76.28363pt.

Overfull \hbox (69.30786pt too wide) in paragraph at lines 397--398
 [][] 
 []

[25

] [26 <./imatges/dades/dades.png>] [27

]
<imatges/eines/python.png, id=143, 1204.5pt x 1204.5pt>
File: imatges/eines/python.png Graphic file (type png)

<use imatges/eines/python.png>
Package pdftex.def Info: imatges/eines/python.png used on input line 419.
(pdftex.def)             Requested size: 85.35826pt x 85.35284pt.

<imatges/eines/r.png, id=144, 2007.5pt x 1555.8125pt>
File: imatges/eines/r.png Graphic file (type png)

<use imatges/eines/r.png>
Package pdftex.def Info: imatges/eines/r.png used on input line 424.
(pdftex.def)             Requested size: 85.35826pt x 66.13896pt.

<imatges/eines/theano.png, id=145, 234.8775pt x 61.22874pt>
File: imatges/eines/theano.png Graphic file (type png)

<use imatges/eines/theano.png>
Package pdftex.def Info: imatges/eines/theano.png used on input line 429.
(pdftex.def)             Requested size: 93.94933pt x 24.49104pt.

Overfull \hbox (20.57562pt too wide) in paragraph at lines 431--432
\OT1/cmr/m/n/12 Instal\OMS/cmsy/m/n/12 ^^A\OT1/cmr/m/n/12 laci^^So: $\OT1/cmtt/
m/n/12 \$pip install -[]-[]upgrade -[]-[]no-[]deps git + git : / / github .
 []

<imatges/eines/tensorflow.png, id=146, 203.76125pt x 184.69pt>
File: imatges/eines/tensorflow.png Graphic file (type png)

<use imatges/eines/tensorflow.png>
Package pdftex.def Info: imatges/eines/tensorflow.png used on input line 435.
(pdftex.def)             Requested size: 81.50305pt x 73.87468pt.
 [28

 <./imatges/eines/python.png> <./imatges/eines/r.png> <./imatges/eines/theano.p
ng>]
Overfull \hbox (36.60063pt too wide) in paragraph at lines 437--438
\OT1/cmr/m/n/12 Instal\OMS/cmsy/m/n/12 ^^A\OT1/cmr/m/n/12 laci^^So: $\OT1/cmtt/
m/n/12 https : / / www . tensorflow . org / versions / r0 . 12 / get _ started 
/
 []

<imatges/eines/keras.png, id=152, 162.6075pt x 159.59625pt>
File: imatges/eines/keras.png Graphic file (type png)

<use imatges/eines/keras.png>
Package pdftex.def Info: imatges/eines/keras.png used on input line 441.
(pdftex.def)             Requested size: 65.04184pt x 63.83736pt.
 [29 <./imatges/eines/tensorflow.png> <./imatges/eines/keras.png>] (/usr/share/
texlive/texmf-dist/tex/latex/listings/lstlang1.sty
File: lstlang1.sty 2015/06/04 1.6 listings language file
) (./codi/python/part1.py [30

])
Underfull \hbox (badness 10000) in paragraph at lines 463--465

 []

(./codi/python/part2.py [31] [32])
<imatges/python/entrenament.png, id=167, 628.3475pt x 316.18124pt>
File: imatges/python/entrenament.png Graphic file (type png)

<use imatges/python/entrenament.png>
Package pdftex.def Info: imatges/python/entrenament.png used on input line 473.

(pdftex.def)             Requested size: 251.33455pt x 126.47025pt.
 (./codi/python/part3.py
LaTeX Font Info:    Try loading font information for OML+cmr on input line 6.

(/usr/share/texlive/texmf-dist/tex/latex/base/omlcmr.fd
File: omlcmr.fd 2014/09/29 v2.5h Standard LaTeX font definitions
)
LaTeX Font Info:    Font shape `OML/cmr/m/n' in size <10> not available
(Font)              Font shape `OML/cmm/m/it' tried instead on input line 6.
) [33 <./imatges/python/entrenament.png>] (./codi/python/part4.py)
<imatges/python/cm.png, id=171, 214.8025pt x 81.30376pt>
File: imatges/python/cm.png Graphic file (type png)

<use imatges/python/cm.png>
Package pdftex.def Info: imatges/python/cm.png used on input line 489.
(pdftex.def)             Requested size: 150.36072pt x 56.91223pt.
 [34 <./imatges/python/cm.png>]
Underfull \hbox (badness 10000) in paragraph at lines 502--504
\OT1/cmtt/m/n/12 https : / / stats . stackexchange . com / questions / 154879 /

 []


Overfull \hbox (71.7028pt too wide) in paragraph at lines 502--504
\OT1/cmtt/m/n/12 a-[]list-[]of-[]cost-[]functions-[]used-[]in-[]neural-[]networ
ks-[]alongside-[]applications$ 
 []

[35

] (./codi/python/complet.py [36

] [37]) [38]
(/usr/share/texlive/texmf-dist/tex/latex/listings/lstlang1.sty
File: lstlang1.sty 2015/06/04 1.6 listings language file
)
(/usr/share/texlive/texmf-dist/tex/latex/listings/lstlang2.sty
File: lstlang2.sty 2015/06/04 1.6 listings language file
)
(/usr/share/texlive/texmf-dist/tex/latex/listings/lstlang3.sty
File: lstlang3.sty 2015/06/04 1.6 listings language file
)
(./codi/R/complet.R [39

]) [40] (./memoria.aux) ) 
Here is how much of TeX's memory you used:
 5484 strings out of 493029
 73164 string characters out of 6136234
 335194 words of memory out of 5000000
 8868 multiletter control sequences out of 15000+600000
 11029 words of font info for 38 fonts, out of 8000000 for 9000
 1141 hyphenation exceptions out of 8191
 37i,8n,43p,556b,2341s stack positions out of 5000i,500n,10000p,200000b,80000s
</usr/share/texlive/texmf-dist/fonts/type1/public/amsf
onts/cm/cmbx12.pfb></usr/share/texlive/texmf-dist/fonts/type1/public/amsfonts/c
m/cmbxti10.pfb></usr/share/texlive/texmf-dist/fonts/type1/public/amsfonts/cm/cm
csc10.pfb></usr/share/texlive/texmf-dist/fonts/type1/public/amsfonts/cm/cmmi10.
pfb></usr/share/texlive/texmf-dist/fonts/type1/public/amsfonts/cm/cmmi12.pfb></
usr/share/texlive/texmf-dist/fonts/type1/public/amsfonts/cm/cmr10.pfb></usr/sha
re/texlive/texmf-dist/fonts/type1/public/amsfonts/cm/cmr12.pfb></usr/share/texl
ive/texmf-dist/fonts/type1/public/amsfonts/cm/cmr6.pfb></usr/share/texlive/texm
f-dist/fonts/type1/public/amsfonts/cm/cmr7.pfb></usr/share/texlive/texmf-dist/f
onts/type1/public/amsfonts/cm/cmr8.pfb></usr/share/texlive/texmf-dist/fonts/typ
e1/public/amsfonts/cm/cmsy10.pfb></usr/share/texlive/texmf-dist/fonts/type1/pub
lic/amsfonts/cm/cmti10.pfb></usr/share/texlive/texmf-dist/fonts/type1/public/am
sfonts/cm/cmti12.pfb></usr/share/texlive/texmf-dist/fonts/type1/public/amsfonts
/cm/cmtt12.pfb>
Output written on memoria.pdf (41 pages, 7445915 bytes).
PDF statistics:
 242 PDF objects out of 1000 (max. 8388607)
 136 compressed objects within 2 object streams
 0 named destinations out of 1000 (max. 500000)
 216 words of extra memory for PDF output out of 10000 (max. 10000000)

